
<!DOCTYPE html>
<html lang="zh-TW">
<head>
    <meta charset="UTF-8">
    <meta name="viewport" content="width=device-width, initial-scale=1.0">
    <title>D-FLARE æ¸¬è©¦å ±å‘Š</title>
    <style>
        body { font-family: 'Segoe UI', Tahoma, Geneva, Verdana, sans-serif; 
               margin: 0; padding: 20px; background-color: #f5f5f5; }
        .container { max-width: 1200px; margin: 0 auto; 
                     background: white; padding: 30px; border-radius: 10px; 
                     box-shadow: 0 2px 10px rgba(0,0,0,0.1); }
        .header { text-align: center; margin-bottom: 30px; }
        .summary { display: grid; grid-template-columns: repeat(auto-fit, minmax(200px, 1fr)); 
                   gap: 20px; margin-bottom: 30px; }
        .stat-card { background: #f8f9fa; padding: 20px; border-radius: 8px; text-align: center; }
        .stat-number { font-size: 2em; font-weight: bold; margin-bottom: 5px; }
        .passed { color: #28a745; }
        .failed { color: #dc3545; }
        .error { color: #fd7e14; }
        .skipped { color: #6c757d; }
        .suite-results { margin-top: 30px; }
        .suite { margin-bottom: 20px; padding: 15px; border-left: 4px solid #007bff; background: #f8f9fa; }
        .suite-name { font-size: 1.2em; font-weight: bold; margin-bottom: 10px; }
        .progress-bar { background: #e9ecef; height: 20px; border-radius: 10px; overflow: hidden; }
        .progress-fill { height: 100%; background: #28a745; transition: width 0.3s ease; }
        .details { margin-top: 20px; }
        .failure, .error { margin: 10px 0; padding: 10px; background: #f8d7da; border-radius: 5px; }
        .timestamp { color: #6c757d; font-size: 0.9em; }
    </style>
</head>
<body>
    <div class="container">
        <div class="header">
            <h1>ğŸ›¡ï¸ D-FLARE æª”æ¡ˆèª¿å‹•å¾Œå…¨é¢æ¸¬è©¦å ±å‘Š</h1>
            <p class="timestamp">æ¸¬è©¦æ™‚é–“: 2025-10-09 22:38:25 - 22:38:37</p>
            <p>æ¸¬è©¦æŒçºŒæ™‚é–“: 11.82 ç§’</p>
        </div>
        
        <div class="summary">
            <div class="stat-card">
                <div class="stat-number">62</div>
                <div>ç¸½æ¸¬è©¦æ•¸</div>
            </div>
            <div class="stat-card">
                <div class="stat-number passed">51</div>
                <div>é€šéæ¸¬è©¦</div>
            </div>
            <div class="stat-card">
                <div class="stat-number failed">11</div>
                <div>å¤±æ•—æ¸¬è©¦</div>
            </div>
            <div class="stat-card">
                <div class="stat-number error">0</div>
                <div>éŒ¯èª¤æ¸¬è©¦</div>
            </div>
        </div>
        
        <div style="text-align: center; margin: 20px 0;">
            <h2 style="color: #28a745;">
                æ•´é«”ç‹€æ…‹: PASSED
            </h2>
            <p><strong>æˆåŠŸç‡: 82.3%</strong></p>
            <p>ç³»çµ±ç‹€æ…‹è‰¯å¥½ï¼Œå»ºè­°æª¢æŸ¥å¤±æ•—çš„æ¸¬è©¦æ¡ˆä¾‹</p>
        </div>
        
        <div class="suite-results">
            <h3>å„æ¸¬è©¦å¥—ä»¶è©³ç´°çµæœ</h3>

            <div class="suite">
                <div class="suite-name">æ¨¡çµ„å°å…¥æ¸¬è©¦</div>
                <div class="progress-bar">
                    <div class="progress-fill" style="width: 100.0%;"></div>
                </div>
                <p>æˆåŠŸç‡: 100.0% (8 æ¸¬è©¦, 0 å¤±æ•—, 0 éŒ¯èª¤)</p>
            </div>
        
            <div class="suite">
                <div class="suite-name">ä¾è³´é—œä¿‚æ¸¬è©¦</div>
                <div class="progress-bar">
                    <div class="progress-fill" style="width: 92.3076923076923%;"></div>
                </div>
                <p>æˆåŠŸç‡: 92.3% (13 æ¸¬è©¦, 1 å¤±æ•—, 0 éŒ¯èª¤)</p>
            </div>
        
            <div class="suite">
                <div class="suite-name">åŠŸèƒ½å®Œæ•´æ€§æ¸¬è©¦</div>
                <div class="progress-bar">
                    <div class="progress-fill" style="width: 57.14285714285714%;"></div>
                </div>
                <p>æˆåŠŸç‡: 57.1% (14 æ¸¬è©¦, 6 å¤±æ•—, 0 éŒ¯èª¤)</p>
            </div>
        
            <div class="suite">
                <div class="suite-name">å•Ÿå‹•æµç¨‹æ¸¬è©¦</div>
                <div class="progress-bar">
                    <div class="progress-fill" style="width: 86.66666666666667%;"></div>
                </div>
                <p>æˆåŠŸç‡: 86.7% (15 æ¸¬è©¦, 2 å¤±æ•—, 0 éŒ¯èª¤)</p>
            </div>
        
            <div class="suite">
                <div class="suite-name">æ•´åˆæ¸¬è©¦</div>
                <div class="progress-bar">
                    <div class="progress-fill" style="width: 83.33333333333334%;"></div>
                </div>
                <p>æˆåŠŸç‡: 83.3% (12 æ¸¬è©¦, 2 å¤±æ•—, 0 éŒ¯èª¤)</p>
            </div>
        
            <div class="details">
                <h3>å¤±æ•—å’ŒéŒ¯èª¤è©³æƒ…</h3>
        
                <div class="failure">
                    <strong>å¤±æ•—: ä¾è³´é—œä¿‚æ¸¬è©¦ - test_notification_message_functionality (test_dependency_relations.TestDependencyRelations)</strong>
                    <pre>Traceback (most recent call last):
  File "D:\work\PROJECT\D_Flare_Merge\tests\test_dependency_relations.py", line 100, in test_notification_message_functionality
    msg = NotificationMessage(
TypeError: NotificationMessage.__init__() got an unexpected keyword argument 'title'

During handling of the above exception, another exception occurred:

Traceback (most recent call last):
  File "D:\work\PROJECT\D_Flare_Merge\tests\test_dependency_relations.py", line 112, in test_notification_message_fu...</pre>
                </div>
            
                <div class="failure">
                    <strong>å¤±æ•—: åŠŸèƒ½å®Œæ•´æ€§æ¸¬è©¦ - test_cisco_etl_pipeline (test_functionality_comprehensive.TestETLPipelineFunctionality)</strong>
                    <pre>Traceback (most recent call last):
  File "D:\work\PROJECT\D_Flare_Merge\tests\test_functionality_comprehensive.py", line 98, in test_cisco_etl_pipeline
    from Cisco_ui.etl_pipeline.log_cleaning import clean_log_data
ImportError: cannot import name 'clean_log_data' from 'Cisco_ui.etl_pipeline.log_cleaning' (D:\work\PROJECT\D_Flare_Merge\Cisco_ui\etl_pipeline\log_cleaning.py)

During handling of the above exception, another exception occurred:

Traceback (most recent call last):
  File "D:\work...</pre>
                </div>
            
                <div class="failure">
                    <strong>å¤±æ•—: åŠŸèƒ½å®Œæ•´æ€§æ¸¬è©¦ - test_forti_etl_pipeline (test_functionality_comprehensive.TestETLPipelineFunctionality)</strong>
                    <pre>Traceback (most recent call last):
  File "D:\work\PROJECT\D_Flare_Merge\tests\test_functionality_comprehensive.py", line 118, in test_forti_etl_pipeline
    from Forti_ui_app_bundle.etl_pipeline.log_cleaning import (
ImportError: cannot import name 'clean_log_data' from 'Forti_ui_app_bundle.etl_pipeline.log_cleaning' (D:\work\PROJECT\D_Flare_Merge\Forti_ui_app_bundle\etl_pipeline\log_cleaning.py)

During handling of the above exception, another exception occurred:

Traceback (most recent call l...</pre>
                </div>
            
                <div class="failure">
                    <strong>å¤±æ•—: åŠŸèƒ½å®Œæ•´æ€§æ¸¬è©¦ - test_gpu_etl_pipeline (test_functionality_comprehensive.TestETLPipelineFunctionality)</strong>
                    <pre>Traceback (most recent call last):
  File "D:\work\PROJECT\D_Flare_Merge\tests\test_functionality_comprehensive.py", line 136, in test_gpu_etl_pipeline
    from Forti_ui_app_bundle.gpu_etl_pipeline.log_cleaning import (
ImportError: cannot import name 'clean_log_data' from 'Forti_ui_app_bundle.gpu_etl_pipeline.log_cleaning' (D:\work\PROJECT\D_Flare_Merge\Forti_ui_app_bundle\gpu_etl_pipeline\log_cleaning.py)

During handling of the above exception, another exception occurred:

Traceback (most rec...</pre>
                </div>
            
                <div class="failure">
                    <strong>å¤±æ•—: åŠŸèƒ½å®Œæ•´æ€§æ¸¬è©¦ - test_cisco_notifier (test_functionality_comprehensive.TestNotificationFunctionality)</strong>
                    <pre>Traceback (most recent call last):
  File "D:\work\PROJECT\D_Flare_Merge\tests\test_functionality_comprehensive.py", line 182, in test_cisco_notifier
    from Cisco_ui.notifier import (
ImportError: cannot import name 'send_line_notification' from 'Cisco_ui.notifier' (D:\work\PROJECT\D_Flare_Merge\Cisco_ui\notifier.py)

During handling of the above exception, another exception occurred:

Traceback (most recent call last):
  File "D:\work\PROJECT\D_Flare_Merge\tests\test_functionality_comprehensi...</pre>
                </div>
            
                <div class="failure">
                    <strong>å¤±æ•—: åŠŸèƒ½å®Œæ•´æ€§æ¸¬è©¦ - test_forti_notifier (test_functionality_comprehensive.TestNotificationFunctionality)</strong>
                    <pre>Traceback (most recent call last):
  File "D:\work\PROJECT\D_Flare_Merge\tests\test_functionality_comprehensive.py", line 198, in test_forti_notifier
    from Forti_ui_app_bundle.notifier import (
ImportError: cannot import name 'send_line_notification' from 'Forti_ui_app_bundle.notifier' (D:\work\PROJECT\D_Flare_Merge\Forti_ui_app_bundle\notifier.py)

During handling of the above exception, another exception occurred:

Traceback (most recent call last):
  File "D:\work\PROJECT\D_Flare_Merge\tes...</pre>
                </div>
            
                <div class="failure">
                    <strong>å¤±æ•—: åŠŸèƒ½å®Œæ•´æ€§æ¸¬è©¦ - test_notification_models (test_functionality_comprehensive.TestNotificationFunctionality)</strong>
                    <pre>Traceback (most recent call last):
  File "D:\work\PROJECT\D_Flare_Merge\tests\test_functionality_comprehensive.py", line 164, in test_notification_models
    msg = NotificationMessage(
TypeError: NotificationMessage.__init__() got an unexpected keyword argument 'title'

During handling of the above exception, another exception occurred:

Traceback (most recent call last):
  File "D:\work\PROJECT\D_Flare_Merge\tests\test_functionality_comprehensive.py", line 177, in test_notification_models
    ...</pre>
                </div>
            
                <div class="failure">
                    <strong>å¤±æ•—: å•Ÿå‹•æµç¨‹æ¸¬è©¦ - test_cisco_ui_app_startup (test_startup_flow.TestLaunchFlowIntegrity)</strong>
                    <pre>Traceback (most recent call last):
  File "D:\work\PROJECT\D_Flare_Merge\tests\test_startup_flow.py", line 63, in test_cisco_ui_app_startup
    from Cisco_ui.ui_app import main
ImportError: cannot import name 'main' from 'Cisco_ui.ui_app' (D:\work\PROJECT\D_Flare_Merge\Cisco_ui\ui_app.py)

During handling of the above exception, another exception occurred:

Traceback (most recent call last):
  File "D:\work\PROJECT\D_Flare_Merge\tests\test_startup_flow.py", line 70, in test_cisco_ui_app_startup
...</pre>
                </div>
            
                <div class="failure">
                    <strong>å¤±æ•—: å•Ÿå‹•æµç¨‹æ¸¬è©¦ - test_forti_ui_app_startup (test_startup_flow.TestLaunchFlowIntegrity)</strong>
                    <pre>Traceback (most recent call last):
  File "D:\work\PROJECT\D_Flare_Merge\tests\test_startup_flow.py", line 75, in test_forti_ui_app_startup
    from Forti_ui_app_bundle.ui_app import main
ImportError: cannot import name 'main' from 'Forti_ui_app_bundle.ui_app' (D:\work\PROJECT\D_Flare_Merge\Forti_ui_app_bundle\ui_app.py)

During handling of the above exception, another exception occurred:

Traceback (most recent call last):
  File "D:\work\PROJECT\D_Flare_Merge\tests\test_startup_flow.py", line ...</pre>
                </div>
            
                <div class="failure">
                    <strong>å¤±æ•—: æ•´åˆæ¸¬è©¦ - test_notification_system_integration (test_integration_comprehensive.TestCrossModuleIntegration)</strong>
                    <pre>Traceback (most recent call last):
  File "D:\work\PROJECT\D_Flare_Merge\tests\test_integration_comprehensive.py", line 58, in test_notification_system_integration
    self.assertEqual(NotificationMessage, forti_msg)
AssertionError: <class 'ui_shared.notification_models.NotificationMessage'> != <class 'notification_models.NotificationMessage'>

During handling of the above exception, another exception occurred:

Traceback (most recent call last):
  File "D:\work\PROJECT\D_Flare_Merge\tests\test_...</pre>
                </div>
            
                <div class="failure">
                    <strong>å¤±æ•—: æ•´åˆæ¸¬è©¦ - test_notification_storage_integration (test_integration_comprehensive.TestDataFlowIntegration)</strong>
                    <pre>Traceback (most recent call last):
  File "D:\work\PROJECT\D_Flare_Merge\tests\test_integration_comprehensive.py", line 116, in test_notification_storage_integration
    msg = NotificationMessage(
TypeError: NotificationMessage.__init__() got an unexpected keyword argument 'title'

During handling of the above exception, another exception occurred:

Traceback (most recent call last):
  File "D:\work\PROJECT\D_Flare_Merge\tests\test_integration_comprehensive.py", line 132, in test_notification_st...</pre>
                </div>
            </div>
        </div>
    </div>
</body>
</html>
    